have_func: checking for mysql_ssl_set()... -------------------- yes

"/usr/bin/gcc-4.2 -o conftest -I/Users/teekay/.rvm/rubies/ruby-1.9.3-p194/include/ruby-1.9.1/x86_64-darwin10.8.0 -I/Users/teekay/.rvm/rubies/ruby-1.9.3-p194/include/ruby-1.9.1/ruby/backward -I/Users/teekay/.rvm/rubies/ruby-1.9.3-p194/include/ruby-1.9.1 -I. -I/Users/teekay/.rvm/usr/include -D_XOPEN_SOURCE -D_DARWIN_C_SOURCE   -I/usr/local/mysql/include  -Os -g -fno-strict-aliasing -arch x86_64  -O3 -ggdb -Wextra -Wno-unused-parameter -Wno-parentheses -Wno-long-long -Wno-missing-field-initializers -Wpointer-arith -Wwrite-strings -Wdeclaration-after-statement -Wshorten-64-to-32 -Wimplicit-function-declaration  -fno-common -pipe conftest.c  -L. -L/Users/teekay/.rvm/rubies/ruby-1.9.3-p194/lib -L/Users/teekay/.rvm/usr/lib -L.     -L/usr/local/mysql/lib -lmysqlclient   -lpthread  -lruby.1.9.1  -lpthread -ldl -lobjc "
checked program was:
/* begin */
1: #include "ruby.h"
2: 
3: int main() {return 0;}
/* end */

"/usr/bin/gcc-4.2 -o conftest -I/Users/teekay/.rvm/rubies/ruby-1.9.3-p194/include/ruby-1.9.1/x86_64-darwin10.8.0 -I/Users/teekay/.rvm/rubies/ruby-1.9.3-p194/include/ruby-1.9.1/ruby/backward -I/Users/teekay/.rvm/rubies/ruby-1.9.3-p194/include/ruby-1.9.1 -I. -I/Users/teekay/.rvm/usr/include -D_XOPEN_SOURCE -D_DARWIN_C_SOURCE   -I/usr/local/mysql/include  -Os -g -fno-strict-aliasing -arch x86_64  -O3 -ggdb -Wextra -Wno-unused-parameter -Wno-parentheses -Wno-long-long -Wno-missing-field-initializers -Wpointer-arith -Wwrite-strings -Wdeclaration-after-statement -Wshorten-64-to-32 -Wimplicit-function-declaration  -fno-common -pipe conftest.c  -L. -L/Users/teekay/.rvm/rubies/ruby-1.9.3-p194/lib -L/Users/teekay/.rvm/usr/lib -L.     -L/usr/local/mysql/lib -lmysqlclient   -lpthread  -lruby.1.9.1 -L/usr/local/mysql/lib -lmysqlclient   -lpthread  -lpthread -ldl -lobjc "
conftest.c: In function ‘t’:
conftest.c:5: error: ‘mysql_ssl_set’ undeclared (first use in this function)
conftest.c:5: error: (Each undeclared identifier is reported only once
conftest.c:5: error: for each function it appears in.)
checked program was:
/* begin */
1: #include "ruby.h"
2: 
3: /*top*/
4: int main() {return 0;}
5: int t() { void ((*volatile p)()); p = (void ((*)()))mysql_ssl_set; return 0; }
/* end */

"/usr/bin/gcc-4.2 -o conftest -I/Users/teekay/.rvm/rubies/ruby-1.9.3-p194/include/ruby-1.9.1/x86_64-darwin10.8.0 -I/Users/teekay/.rvm/rubies/ruby-1.9.3-p194/include/ruby-1.9.1/ruby/backward -I/Users/teekay/.rvm/rubies/ruby-1.9.3-p194/include/ruby-1.9.1 -I. -I/Users/teekay/.rvm/usr/include -D_XOPEN_SOURCE -D_DARWIN_C_SOURCE   -I/usr/local/mysql/include  -Os -g -fno-strict-aliasing -arch x86_64  -O3 -ggdb -Wextra -Wno-unused-parameter -Wno-parentheses -Wno-long-long -Wno-missing-field-initializers -Wpointer-arith -Wwrite-strings -Wdeclaration-after-statement -Wshorten-64-to-32 -Wimplicit-function-declaration  -fno-common -pipe conftest.c  -L. -L/Users/teekay/.rvm/rubies/ruby-1.9.3-p194/lib -L/Users/teekay/.rvm/usr/lib -L.     -L/usr/local/mysql/lib -lmysqlclient   -lpthread  -lruby.1.9.1 -L/usr/local/mysql/lib -lmysqlclient   -lpthread  -lpthread -ldl -lobjc "
conftest.c: In function ‘t’:
conftest.c:5: warning: implicit declaration of function ‘mysql_ssl_set’
checked program was:
/* begin */
1: #include "ruby.h"
2: 
3: /*top*/
4: int main() {return 0;}
5: int t() { mysql_ssl_set(); return 0; }
/* end */

--------------------

have_func: checking for rb_str_set_len()... -------------------- yes

"/usr/bin/gcc-4.2 -o conftest -I/Users/teekay/.rvm/rubies/ruby-1.9.3-p194/include/ruby-1.9.1/x86_64-darwin10.8.0 -I/Users/teekay/.rvm/rubies/ruby-1.9.3-p194/include/ruby-1.9.1/ruby/backward -I/Users/teekay/.rvm/rubies/ruby-1.9.3-p194/include/ruby-1.9.1 -I. -I/Users/teekay/.rvm/usr/include -D_XOPEN_SOURCE -D_DARWIN_C_SOURCE   -I/usr/local/mysql/include  -Os -g -fno-strict-aliasing -arch x86_64  -O3 -ggdb -Wextra -Wno-unused-parameter -Wno-parentheses -Wno-long-long -Wno-missing-field-initializers -Wpointer-arith -Wwrite-strings -Wdeclaration-after-statement -Wshorten-64-to-32 -Wimplicit-function-declaration  -fno-common -pipe conftest.c  -L. -L/Users/teekay/.rvm/rubies/ruby-1.9.3-p194/lib -L/Users/teekay/.rvm/usr/lib -L.     -L/usr/local/mysql/lib -lmysqlclient   -lpthread  -lruby.1.9.1 -L/usr/local/mysql/lib -lmysqlclient   -lpthread  -lpthread -ldl -lobjc "
checked program was:
/* begin */
1: #include "ruby.h"
2: 
3: /*top*/
4: int main() {return 0;}
5: int t() { void ((*volatile p)()); p = (void ((*)()))rb_str_set_len; return 0; }
/* end */

--------------------

have_func: checking for rb_thread_start_timer()... -------------------- no

"/usr/bin/gcc-4.2 -o conftest -I/Users/teekay/.rvm/rubies/ruby-1.9.3-p194/include/ruby-1.9.1/x86_64-darwin10.8.0 -I/Users/teekay/.rvm/rubies/ruby-1.9.3-p194/include/ruby-1.9.1/ruby/backward -I/Users/teekay/.rvm/rubies/ruby-1.9.3-p194/include/ruby-1.9.1 -I. -I/Users/teekay/.rvm/usr/include -D_XOPEN_SOURCE -D_DARWIN_C_SOURCE   -I/usr/local/mysql/include  -Os -g -fno-strict-aliasing -arch x86_64  -O3 -ggdb -Wextra -Wno-unused-parameter -Wno-parentheses -Wno-long-long -Wno-missing-field-initializers -Wpointer-arith -Wwrite-strings -Wdeclaration-after-statement -Wshorten-64-to-32 -Wimplicit-function-declaration  -fno-common -pipe conftest.c  -L. -L/Users/teekay/.rvm/rubies/ruby-1.9.3-p194/lib -L/Users/teekay/.rvm/usr/lib -L.     -L/usr/local/mysql/lib -lmysqlclient   -lpthread  -lruby.1.9.1 -L/usr/local/mysql/lib -lmysqlclient   -lpthread  -lpthread -ldl -lobjc "
conftest.c: In function ‘t’:
conftest.c:5: error: ‘rb_thread_start_timer’ undeclared (first use in this function)
conftest.c:5: error: (Each undeclared identifier is reported only once
conftest.c:5: error: for each function it appears in.)
checked program was:
/* begin */
1: #include "ruby.h"
2: 
3: /*top*/
4: int main() {return 0;}
5: int t() { void ((*volatile p)()); p = (void ((*)()))rb_thread_start_timer; return 0; }
/* end */

"/usr/bin/gcc-4.2 -o conftest -I/Users/teekay/.rvm/rubies/ruby-1.9.3-p194/include/ruby-1.9.1/x86_64-darwin10.8.0 -I/Users/teekay/.rvm/rubies/ruby-1.9.3-p194/include/ruby-1.9.1/ruby/backward -I/Users/teekay/.rvm/rubies/ruby-1.9.3-p194/include/ruby-1.9.1 -I. -I/Users/teekay/.rvm/usr/include -D_XOPEN_SOURCE -D_DARWIN_C_SOURCE   -I/usr/local/mysql/include  -Os -g -fno-strict-aliasing -arch x86_64  -O3 -ggdb -Wextra -Wno-unused-parameter -Wno-parentheses -Wno-long-long -Wno-missing-field-initializers -Wpointer-arith -Wwrite-strings -Wdeclaration-after-statement -Wshorten-64-to-32 -Wimplicit-function-declaration  -fno-common -pipe conftest.c  -L. -L/Users/teekay/.rvm/rubies/ruby-1.9.3-p194/lib -L/Users/teekay/.rvm/usr/lib -L.     -L/usr/local/mysql/lib -lmysqlclient   -lpthread  -lruby.1.9.1 -L/usr/local/mysql/lib -lmysqlclient   -lpthread  -lpthread -ldl -lobjc "
conftest.c: In function ‘t’:
conftest.c:5: warning: implicit declaration of function ‘rb_thread_start_timer’
Undefined symbols:
  "_rb_thread_start_timer", referenced from:
      _t in ccNT3dwn.o
ld: symbol(s) not found
collect2: ld returned 1 exit status
checked program was:
/* begin */
1: #include "ruby.h"
2: 
3: /*top*/
4: int main() {return 0;}
5: int t() { rb_thread_start_timer(); return 0; }
/* end */

--------------------

have_header: checking for mysql.h... -------------------- yes

"/usr/bin/gcc-4.2 -E -I/Users/teekay/.rvm/rubies/ruby-1.9.3-p194/include/ruby-1.9.1/x86_64-darwin10.8.0 -I/Users/teekay/.rvm/rubies/ruby-1.9.3-p194/include/ruby-1.9.1/ruby/backward -I/Users/teekay/.rvm/rubies/ruby-1.9.3-p194/include/ruby-1.9.1 -I. -I/Users/teekay/.rvm/usr/include -D_XOPEN_SOURCE -D_DARWIN_C_SOURCE   -I/usr/local/mysql/include  -Os -g -fno-strict-aliasing -arch x86_64  -O3 -ggdb -Wextra -Wno-unused-parameter -Wno-parentheses -Wno-long-long -Wno-missing-field-initializers -Wpointer-arith -Wwrite-strings -Wdeclaration-after-statement -Wshorten-64-to-32 -Wimplicit-function-declaration  -fno-common -pipe  conftest.c -o conftest.i"
checked program was:
/* begin */
1: #include "ruby.h"
2: 
3: #include <mysql.h>
/* end */

--------------------

